<?xml version="1.0" encoding="UTF-8"?>
<testng-results ignored="0" total="6" passed="6" failed="0" skipped="0">
  <reporter-output>
  </reporter-output>
  <suite started-at="2025-04-08T18:58:41 EDT" name="API Testing Suite" finished-at="2025-04-08T18:58:45 EDT" duration-ms="4247">
    <groups>
    </groups>
    <test started-at="2025-04-08T18:58:41 EDT" name="API Tests" finished-at="2025-04-08T18:58:45 EDT" duration-ms="4247">
      <class name="com.example.api.ApiTest">
        <test-method signature="testGetRequest()[pri:0, instance:com.example.api.ApiTest@4c15e7fd]" started-at="2025-04-08T18:58:41 EDT" name="testGetRequest" finished-at="2025-04-08T18:58:45 EDT" duration-ms="3674" status="PASS">
          <reporter-output>
          </reporter-output>
        </test-method> <!-- testGetRequest -->
        <test-method signature="testInvalidId()[pri:0, instance:com.example.api.ApiTest@4c15e7fd]" started-at="2025-04-08T18:58:45 EDT" name="testInvalidId" finished-at="2025-04-08T18:58:45 EDT" duration-ms="97" status="PASS">
          <reporter-output>
          </reporter-output>
        </test-method> <!-- testInvalidId -->
        <test-method signature="testMultiplePosts(int,int)[pri:0, instance:com.example.api.ApiTest@4c15e7fd]" started-at="2025-04-08T18:58:45 EDT" name="testMultiplePosts" data-provider="postIds" finished-at="2025-04-08T18:58:45 EDT" duration-ms="112" status="PASS">
          <params>
            <param index="0">
              <value>
                <![CDATA[1]]>
              </value>
            </param>
            <param index="1">
              <value>
                <![CDATA[1]]>
              </value>
            </param>
          </params>
          <reporter-output>
          </reporter-output>
        </test-method> <!-- testMultiplePosts -->
        <test-method signature="testMultiplePosts(int,int)[pri:0, instance:com.example.api.ApiTest@4c15e7fd]" started-at="2025-04-08T18:58:45 EDT" name="testMultiplePosts" data-provider="postIds" finished-at="2025-04-08T18:58:45 EDT" duration-ms="125" status="PASS">
          <params>
            <param index="0">
              <value>
                <![CDATA[2]]>
              </value>
            </param>
            <param index="1">
              <value>
                <![CDATA[1]]>
              </value>
            </param>
          </params>
          <reporter-output>
          </reporter-output>
        </test-method> <!-- testMultiplePosts -->
        <test-method signature="testMultiplePosts(int,int)[pri:0, instance:com.example.api.ApiTest@4c15e7fd]" started-at="2025-04-08T18:58:45 EDT" name="testMultiplePosts" data-provider="postIds" finished-at="2025-04-08T18:58:45 EDT" duration-ms="95" status="PASS">
          <params>
            <param index="0">
              <value>
                <![CDATA[3]]>
              </value>
            </param>
            <param index="1">
              <value>
                <![CDATA[1]]>
              </value>
            </param>
          </params>
          <reporter-output>
          </reporter-output>
        </test-method> <!-- testMultiplePosts -->
        <test-method signature="testMultiplePosts(int,int)[pri:0, instance:com.example.api.ApiTest@4c15e7fd]" started-at="2025-04-08T18:58:45 EDT" name="testMultiplePosts" data-provider="postIds" finished-at="2025-04-08T18:58:45 EDT" duration-ms="97" status="PASS">
          <params>
            <param index="0">
              <value>
                <![CDATA[4]]>
              </value>
            </param>
            <param index="1">
              <value>
                <![CDATA[1]]>
              </value>
            </param>
          </params>
          <reporter-output>
          </reporter-output>
        </test-method> <!-- testMultiplePosts -->
      </class> <!-- com.example.api.ApiTest -->
    </test> <!-- API Tests -->
  </suite> <!-- API Testing Suite -->
</testng-results>
