<?xml version="1.0" encoding="UTF-8"?>
<!-- Generated by org.testng.reporters.JUnitXMLReporter -->
<testsuite ignored="0" hostname="DESKTOP-Q9RF7BR" failures="0" tests="6" name="API Tests" time="4.247" errors="0" timestamp="2025-04-08T18:58:45 EDT">
  <testcase classname="com.example.api.ApiTest" name="testGetRequest" time="3.674"/>
  <testcase classname="com.example.api.ApiTest" name="testInvalidId" time="0.097"/>
  <testcase classname="com.example.api.ApiTest" name="testMultiplePosts" time="0.112"/>
  <testcase classname="com.example.api.ApiTest" name="testMultiplePosts" time="0.125"/>
  <testcase classname="com.example.api.ApiTest" name="testMultiplePosts" time="0.095"/>
  <testcase classname="com.example.api.ApiTest" name="testMultiplePosts" time="0.097"/>
</testsuite> <!-- API Tests -->
